[2.970s] Invoking command in '/home/user/ros2_ws/build/robot_control': PYTHONPATH=/home/user/ros2_ws/build/robot_control/prefix_override:/usr/lib/python3/dist-packages/colcon_core/task/python/colcon_distutils_commands:/home/user/ros2_ws/install/robot_control/lib/python3.10/site-packages:${PYTHONPATH} _=/usr/bin/env /usr/bin/python3 -W ignore:setup.py install is deprecated -W ignore:easy_install command is deprecated setup.py develop --editable --build-directory /home/user/ros2_ws/build/robot_control/build --no-deps symlink_data
[3.612s] /usr/local/lib/python3.10/dist-packages/setuptools/_distutils/dist.py:289: UserWarning: Unknown distribution option: 'tests_require'
[3.612s]   warnings.warn(msg)
[4.192s] running develop
[5.174s] running egg_info
[5.205s] writing robot_control.egg-info/PKG-INFO
[5.206s] writing dependency_links to robot_control.egg-info/dependency_links.txt
[5.206s] writing entry points to robot_control.egg-info/entry_points.txt
[5.206s] writing requirements to robot_control.egg-info/requires.txt
[5.206s] writing top-level names to robot_control.egg-info/top_level.txt
[5.377s] reading manifest file 'robot_control.egg-info/SOURCES.txt'
[5.379s] writing manifest file 'robot_control.egg-info/SOURCES.txt'
[5.477s] running build_ext
[5.477s] Creating /home/user/ros2_ws/install/robot_control/lib/python3.10/site-packages/robot-control.egg-link (link to .)
[5.478s] Installing fsm_node script to /home/user/ros2_ws/install/robot_control/lib/robot_control
[5.478s] Installing obstacle_node script to /home/user/ros2_ws/install/robot_control/lib/robot_control
[5.479s] Installing teleop_node script to /home/user/ros2_ws/install/robot_control/lib/robot_control
[5.479s] 
[5.479s] Installed /home/user/ros2_ws/build/robot_control
[5.479s] running symlink_data
[5.571s] Invoked command in '/home/user/ros2_ws/build/robot_control' returned '0': PYTHONPATH=/home/user/ros2_ws/build/robot_control/prefix_override:/usr/lib/python3/dist-packages/colcon_core/task/python/colcon_distutils_commands:/home/user/ros2_ws/install/robot_control/lib/python3.10/site-packages:${PYTHONPATH} _=/usr/bin/env /usr/bin/python3 -W ignore:setup.py install is deprecated -W ignore:easy_install command is deprecated setup.py develop --editable --build-directory /home/user/ros2_ws/build/robot_control/build --no-deps symlink_data
