running develop
Removing /home/user/ros2_ws/install/robot_description/lib/python3.10/site-packages/robot-description.egg-link (link to .)
running egg_info
writing ../../build/robot_description/robot_description.egg-info/PKG-INFO
writing dependency_links to ../../build/robot_description/robot_description.egg-info/dependency_links.txt
writing requirements to ../../build/robot_description/robot_description.egg-info/requires.txt
writing top-level names to ../../build/robot_description/robot_description.egg-info/top_level.txt
reading manifest file '../../build/robot_description/robot_description.egg-info/SOURCES.txt'
writing manifest file '../../build/robot_description/robot_description.egg-info/SOURCES.txt'
running build
running build_py
creating /home/user/ros2_ws/build/robot_description/build/lib/robot_description
copying robot_description/__init__.py -> /home/user/ros2_ws/build/robot_description/build/lib/robot_description
running install
running install_lib
creating /home/user/ros2_ws/install/robot_description/lib/python3.10/site-packages/robot_description
copying /home/user/ros2_ws/build/robot_description/build/lib/robot_description/__init__.py -> /home/user/ros2_ws/install/robot_description/lib/python3.10/site-packages/robot_description
byte-compiling /home/user/ros2_ws/install/robot_description/lib/python3.10/site-packages/robot_description/__init__.py to __init__.cpython-310.pyc
running install_data
copying resource/robot_description -> /home/user/ros2_ws/install/robot_description/share/ament_index/resource_index/packages
copying package.xml -> /home/user/ros2_ws/install/robot_description/share/robot_description
copying urdf/two_wheeler_robot.urdf -> /home/user/ros2_ws/install/robot_description/share/robot_description/urdf
copying world/maze_world.world -> /home/user/ros2_ws/install/robot_description/share/robot_description/world
running install_egg_info
Copying ../../build/robot_description/robot_description.egg-info to /home/user/ros2_ws/install/robot_description/lib/python3.10/site-packages/robot_description-0.0.1-py3.10.egg-info
running install_scripts
writing list of installed files to '/home/user/ros2_ws/build/robot_description/install.log'
