[2.564s] Invoking command in '/home/user/ros2_ws/build/robot_bringup': PYTHONPATH=/home/user/ros2_ws/build/robot_bringup/prefix_override:/usr/lib/python3/dist-packages/colcon_core/task/python/colcon_distutils_commands:/home/user/ros2_ws/install/robot_bringup/lib/python3.10/site-packages:${PYTHONPATH} _=/usr/bin/env /usr/bin/python3 -W ignore:setup.py install is deprecated -W ignore:easy_install command is deprecated setup.py develop --editable --build-directory /home/user/ros2_ws/build/robot_bringup/build --no-deps symlink_data
[2.986s] /usr/local/lib/python3.10/dist-packages/setuptools/_distutils/dist.py:289: UserWarning: Unknown distribution option: 'tests_require'
[2.986s]   warnings.warn(msg)
[3.528s] running develop
[4.159s] running egg_info
[4.191s] creating robot_bringup.egg-info
[4.191s] writing robot_bringup.egg-info/PKG-INFO
[4.191s] writing dependency_links to robot_bringup.egg-info/dependency_links.txt
[4.191s] writing requirements to robot_bringup.egg-info/requires.txt
[4.191s] writing top-level names to robot_bringup.egg-info/top_level.txt
[4.191s] writing manifest file 'robot_bringup.egg-info/SOURCES.txt'
[4.286s] reading manifest file 'robot_bringup.egg-info/SOURCES.txt'
[4.288s] writing manifest file 'robot_bringup.egg-info/SOURCES.txt'
[4.340s] running build_ext
[4.340s] Creating /home/user/ros2_ws/install/robot_bringup/lib/python3.10/site-packages/robot-bringup.egg-link (link to .)
[4.342s] 
[4.342s] Installed /home/user/ros2_ws/build/robot_bringup
[4.342s] running symlink_data
[4.342s] creating /home/user/ros2_ws/install/robot_bringup/share/ament_index/resource_index/packages
[4.343s] symbolically linking /home/user/ros2_ws/build/robot_bringup/resource/robot_bringup -> /home/user/ros2_ws/install/robot_bringup/share/ament_index/resource_index/packages
[4.343s] symbolically linking /home/user/ros2_ws/build/robot_bringup/package.xml -> /home/user/ros2_ws/install/robot_bringup/share/robot_bringup
[4.386s] Invoked command in '/home/user/ros2_ws/build/robot_bringup' returned '0': PYTHONPATH=/home/user/ros2_ws/build/robot_bringup/prefix_override:/usr/lib/python3/dist-packages/colcon_core/task/python/colcon_distutils_commands:/home/user/ros2_ws/install/robot_bringup/lib/python3.10/site-packages:${PYTHONPATH} _=/usr/bin/env /usr/bin/python3 -W ignore:setup.py install is deprecated -W ignore:easy_install command is deprecated setup.py develop --editable --build-directory /home/user/ros2_ws/build/robot_bringup/build --no-deps symlink_data
