[1.021s] Invoking command in '/home/user/ros2_ws/src/my_robot': PYTHONPATH=/home/user/ros2_ws/build/my_robot/prefix_override:/usr/lib/python3/dist-packages/colcon_core/task/python/colcon_distutils_commands:/home/user/ros2_ws/install/my_robot/lib/python3.10/site-packages:${PYTHONPATH} _=/usr/bin/env /usr/bin/python3 -W ignore:setup.py install is deprecated -W ignore:easy_install command is deprecated setup.py egg_info --egg-base ../../build/my_robot build --build-base /home/user/ros2_ws/build/my_robot/build install --record /home/user/ros2_ws/build/my_robot/install.log --single-version-externally-managed install_data
[1.261s] /usr/local/lib/python3.10/dist-packages/setuptools/_distutils/dist.py:289: UserWarning: Unknown distribution option: 'tests_require'
[1.261s]   warnings.warn(msg)
[1.414s] running egg_info
[1.436s] writing ../../build/my_robot/my_robot.egg-info/PKG-INFO
[1.437s] writing dependency_links to ../../build/my_robot/my_robot.egg-info/dependency_links.txt
[1.437s] writing requirements to ../../build/my_robot/my_robot.egg-info/requires.txt
[1.438s] writing top-level names to ../../build/my_robot/my_robot.egg-info/top_level.txt
[1.489s] reading manifest file '../../build/my_robot/my_robot.egg-info/SOURCES.txt'
[1.491s] writing manifest file '../../build/my_robot/my_robot.egg-info/SOURCES.txt'
[1.491s] running build
[1.491s] running build_py
[1.491s] copying my_robot/__init__.py -> /home/user/ros2_ws/build/my_robot/build/lib/my_robot
[1.491s] running install
[1.496s] running install_lib
[1.522s] running install_data
[1.523s] copying resource/my_robot -> /home/user/ros2_ws/install/my_robot/share/ament_index/resource_index/packages
[1.523s] copying package.xml -> /home/user/ros2_ws/install/my_robot/share/my_robot
[1.523s] running install_egg_info
[1.549s] removing '/home/user/ros2_ws/install/my_robot/lib/python3.10/site-packages/my_robot-0.0.0-py3.10.egg-info' (and everything under it)
[1.549s] Copying ../../build/my_robot/my_robot.egg-info to /home/user/ros2_ws/install/my_robot/lib/python3.10/site-packages/my_robot-0.0.0-py3.10.egg-info
[1.550s] running install_scripts
[1.764s] writing list of installed files to '/home/user/ros2_ws/build/my_robot/install.log'
[1.796s] Invoked command in '/home/user/ros2_ws/src/my_robot' returned '0': PYTHONPATH=/home/user/ros2_ws/build/my_robot/prefix_override:/usr/lib/python3/dist-packages/colcon_core/task/python/colcon_distutils_commands:/home/user/ros2_ws/install/my_robot/lib/python3.10/site-packages:${PYTHONPATH} _=/usr/bin/env /usr/bin/python3 -W ignore:setup.py install is deprecated -W ignore:easy_install command is deprecated setup.py egg_info --egg-base ../../build/my_robot build --build-base /home/user/ros2_ws/build/my_robot/build install --record /home/user/ros2_ws/build/my_robot/install.log --single-version-externally-managed install_data
