[0.884s] Invoking command in '/home/user/ros2_ws/build/robot_control': PYTHONPATH=/home/user/ros2_ws/build/robot_control/prefix_override:/usr/lib/python3/dist-packages/colcon_core/task/python/colcon_distutils_commands:/home/user/ros2_ws/install/robot_control/lib/python3.10/site-packages:${PYTHONPATH} _=/usr/bin/env /usr/bin/python3 -W ignore:setup.py install is deprecated -W ignore:easy_install command is deprecated setup.py develop --editable --build-directory /home/user/ros2_ws/build/robot_control/build --no-deps symlink_data
[1.082s] /usr/local/lib/python3.10/dist-packages/setuptools/_distutils/dist.py:289: UserWarning: Unknown distribution option: 'tests_require'
[1.082s]   warnings.warn(msg)
[1.293s] running develop
[1.565s] running egg_info
[1.584s] writing robot_control.egg-info/PKG-INFO
[1.585s] writing dependency_links to robot_control.egg-info/dependency_links.txt
[1.585s] writing entry points to robot_control.egg-info/entry_points.txt
[1.585s] writing requirements to robot_control.egg-info/requires.txt
[1.585s] writing top-level names to robot_control.egg-info/top_level.txt
[1.624s] reading manifest file 'robot_control.egg-info/SOURCES.txt'
[1.625s] writing manifest file 'robot_control.egg-info/SOURCES.txt'
[1.653s] running build_ext
[1.653s] Creating /home/user/ros2_ws/install/robot_control/lib/python3.10/site-packages/robot-control.egg-link (link to .)
[1.654s] Installing fsm_node script to /home/user/ros2_ws/install/robot_control/lib/robot_control
[1.654s] Installing obstacle_node script to /home/user/ros2_ws/install/robot_control/lib/robot_control
[1.654s] Installing teleop_node script to /home/user/ros2_ws/install/robot_control/lib/robot_control
[1.654s] 
[1.654s] Installed /home/user/ros2_ws/build/robot_control
[1.655s] running symlink_data
[1.684s] Invoked command in '/home/user/ros2_ws/build/robot_control' returned '0': PYTHONPATH=/home/user/ros2_ws/build/robot_control/prefix_override:/usr/lib/python3/dist-packages/colcon_core/task/python/colcon_distutils_commands:/home/user/ros2_ws/install/robot_control/lib/python3.10/site-packages:${PYTHONPATH} _=/usr/bin/env /usr/bin/python3 -W ignore:setup.py install is deprecated -W ignore:easy_install command is deprecated setup.py develop --editable --build-directory /home/user/ros2_ws/build/robot_control/build --no-deps symlink_data
