[2.605s] Invoking command in '/home/user/ros2_ws/build/robot_bringup': PYTHONPATH=/home/user/ros2_ws/build/robot_bringup/prefix_override:/usr/lib/python3/dist-packages/colcon_core/task/python/colcon_distutils_commands:/home/user/ros2_ws/install/robot_bringup/lib/python3.10/site-packages:${PYTHONPATH} _=/usr/bin/env /usr/bin/python3 -W ignore:setup.py install is deprecated -W ignore:easy_install command is deprecated setup.py develop --editable --build-directory /home/user/ros2_ws/build/robot_bringup/build --no-deps symlink_data --force
[3.753s] running develop
[4.464s] running egg_info
[4.498s] writing robot_bringup.egg-info/PKG-INFO
[4.498s] writing dependency_links to robot_bringup.egg-info/dependency_links.txt
[4.499s] writing requirements to robot_bringup.egg-info/requires.txt
[4.499s] writing top-level names to robot_bringup.egg-info/top_level.txt
[4.599s] reading manifest file 'robot_bringup.egg-info/SOURCES.txt'
[4.601s] writing manifest file 'robot_bringup.egg-info/SOURCES.txt'
[4.677s] running build_ext
[4.677s] Creating /home/user/ros2_ws/install/robot_bringup/lib/python3.10/site-packages/robot-bringup.egg-link (link to .)
[4.678s] 
[4.678s] Installed /home/user/ros2_ws/build/robot_bringup
[4.679s] running symlink_data
[4.679s] symbolically linking /home/user/ros2_ws/build/robot_bringup/resource/robot_bringup -> /home/user/ros2_ws/install/robot_bringup/share/ament_index/resource_index/packages
[4.679s] symbolically linking /home/user/ros2_ws/build/robot_bringup/package.xml -> /home/user/ros2_ws/install/robot_bringup/share/robot_bringup
[4.679s] symbolically linking /home/user/ros2_ws/build/robot_bringup/launch/obstacle.launch.py -> /home/user/ros2_ws/install/robot_bringup/share/robot_bringup/launch
[4.680s] symbolically linking /home/user/ros2_ws/build/robot_bringup/launch/fsm.launch.py -> /home/user/ros2_ws/install/robot_bringup/share/robot_bringup/launch
[4.680s] symbolically linking /home/user/ros2_ws/build/robot_bringup/launch/teleop.launch.py -> /home/user/ros2_ws/install/robot_bringup/share/robot_bringup/launch
[4.680s] symbolically linking /home/user/ros2_ws/build/robot_bringup/launch/spawn_robot.launch.py -> /home/user/ros2_ws/install/robot_bringup/share/robot_bringup/launch
[4.719s] Invoked command in '/home/user/ros2_ws/build/robot_bringup' returned '0': PYTHONPATH=/home/user/ros2_ws/build/robot_bringup/prefix_override:/usr/lib/python3/dist-packages/colcon_core/task/python/colcon_distutils_commands:/home/user/ros2_ws/install/robot_bringup/lib/python3.10/site-packages:${PYTHONPATH} _=/usr/bin/env /usr/bin/python3 -W ignore:setup.py install is deprecated -W ignore:easy_install command is deprecated setup.py develop --editable --build-directory /home/user/ros2_ws/build/robot_bringup/build --no-deps symlink_data --force
