[1.723s] Invoking command in '/home/user/ros2_ws/src/robot_description': PYTHONPATH=/home/user/ros2_ws/build/robot_description/prefix_override:/usr/lib/python3/dist-packages/colcon_core/task/python/colcon_distutils_commands:/home/user/ros2_ws/install/robot_description/lib/python3.10/site-packages:${PYTHONPATH} _=/usr/bin/env /usr/bin/python3 -W ignore:setup.py install is deprecated -W ignore:easy_install command is deprecated setup.py egg_info --egg-base ../../build/robot_description build --build-base /home/user/ros2_ws/build/robot_description/build install --record /home/user/ros2_ws/build/robot_description/install.log --single-version-externally-managed install_data
[2.080s] running egg_info
[2.101s] writing ../../build/robot_description/robot_description.egg-info/PKG-INFO
[2.101s] writing dependency_links to ../../build/robot_description/robot_description.egg-info/dependency_links.txt
[2.101s] writing requirements to ../../build/robot_description/robot_description.egg-info/requires.txt
[2.102s] writing top-level names to ../../build/robot_description/robot_description.egg-info/top_level.txt
[2.146s] reading manifest file '../../build/robot_description/robot_description.egg-info/SOURCES.txt'
[2.148s] writing manifest file '../../build/robot_description/robot_description.egg-info/SOURCES.txt'
[2.149s] running build
[2.149s] running build_py
[2.149s] running install
[2.153s] running install_lib
[2.176s] running install_data
[2.177s] copying urdf/two_wheeler_robot.urdf -> /home/user/ros2_ws/install/robot_description/share/robot_description/urdf
[2.177s] copying world/maze_world.world -> /home/user/ros2_ws/install/robot_description/share/robot_description/world
[2.177s] running install_egg_info
[2.201s] removing '/home/user/ros2_ws/install/robot_description/lib/python3.10/site-packages/robot_description-0.0.1-py3.10.egg-info' (and everything under it)
[2.201s] Copying ../../build/robot_description/robot_description.egg-info to /home/user/ros2_ws/install/robot_description/lib/python3.10/site-packages/robot_description-0.0.1-py3.10.egg-info
[2.203s] running install_scripts
[2.400s] writing list of installed files to '/home/user/ros2_ws/build/robot_description/install.log'
[2.429s] Invoked command in '/home/user/ros2_ws/src/robot_description' returned '0': PYTHONPATH=/home/user/ros2_ws/build/robot_description/prefix_override:/usr/lib/python3/dist-packages/colcon_core/task/python/colcon_distutils_commands:/home/user/ros2_ws/install/robot_description/lib/python3.10/site-packages:${PYTHONPATH} _=/usr/bin/env /usr/bin/python3 -W ignore:setup.py install is deprecated -W ignore:easy_install command is deprecated setup.py egg_info --egg-base ../../build/robot_description build --build-base /home/user/ros2_ws/build/robot_description/build install --record /home/user/ros2_ws/build/robot_description/install.log --single-version-externally-managed install_data
