[1.039s] Invoking command in '/home/user/ros2_ws/my_robot': PYTHONPATH=/home/user/ros2_ws/build/my_robot/prefix_override:/usr/lib/python3/dist-packages/colcon_core/task/python/colcon_distutils_commands:/home/user/ros2_ws/install/my_robot/lib/python3.10/site-packages:${PYTHONPATH} _=/usr/bin/env /usr/bin/python3 -W ignore:setup.py install is deprecated -W ignore:easy_install command is deprecated setup.py egg_info --egg-base ../build/my_robot build --build-base /home/user/ros2_ws/build/my_robot/build install --record /home/user/ros2_ws/build/my_robot/install.log --single-version-externally-managed install_data
[1.267s] /usr/local/lib/python3.10/dist-packages/setuptools/_distutils/dist.py:289: UserWarning: Unknown distribution option: 'tests_require'
[1.267s]   warnings.warn(msg)
[1.405s] running egg_info
[1.427s] creating ../build/my_robot/my_robot.egg-info
[1.427s] writing ../build/my_robot/my_robot.egg-info/PKG-INFO
[1.428s] writing dependency_links to ../build/my_robot/my_robot.egg-info/dependency_links.txt
[1.428s] writing requirements to ../build/my_robot/my_robot.egg-info/requires.txt
[1.428s] writing top-level names to ../build/my_robot/my_robot.egg-info/top_level.txt
[1.428s] writing manifest file '../build/my_robot/my_robot.egg-info/SOURCES.txt'
[1.477s] reading manifest file '../build/my_robot/my_robot.egg-info/SOURCES.txt'
[1.478s] writing manifest file '../build/my_robot/my_robot.egg-info/SOURCES.txt'
[1.479s] running build
[1.479s] running build_py
[1.479s] creating /home/user/ros2_ws/build/my_robot/build/lib/my_robot
[1.479s] copying my_robot/__init__.py -> /home/user/ros2_ws/build/my_robot/build/lib/my_robot
[1.480s] running install
[1.485s] running install_lib
[1.507s] creating /home/user/ros2_ws/install/my_robot/lib/python3.10/site-packages/my_robot
[1.507s] copying /home/user/ros2_ws/build/my_robot/build/lib/my_robot/__init__.py -> /home/user/ros2_ws/install/my_robot/lib/python3.10/site-packages/my_robot
[1.508s] byte-compiling /home/user/ros2_ws/install/my_robot/lib/python3.10/site-packages/my_robot/__init__.py to __init__.cpython-310.pyc
[1.508s] running install_data
[1.509s] creating /home/user/ros2_ws/install/my_robot/share/ament_index/resource_index/packages
[1.509s] copying resource/my_robot -> /home/user/ros2_ws/install/my_robot/share/ament_index/resource_index/packages
[1.509s] copying package.xml -> /home/user/ros2_ws/install/my_robot/share/my_robot
[1.509s] running install_egg_info
[1.534s] Copying ../build/my_robot/my_robot.egg-info to /home/user/ros2_ws/install/my_robot/lib/python3.10/site-packages/my_robot-0.0.0-py3.10.egg-info
[1.535s] running install_scripts
[1.739s] writing list of installed files to '/home/user/ros2_ws/build/my_robot/install.log'
[1.771s] Invoked command in '/home/user/ros2_ws/my_robot' returned '0': PYTHONPATH=/home/user/ros2_ws/build/my_robot/prefix_override:/usr/lib/python3/dist-packages/colcon_core/task/python/colcon_distutils_commands:/home/user/ros2_ws/install/my_robot/lib/python3.10/site-packages:${PYTHONPATH} _=/usr/bin/env /usr/bin/python3 -W ignore:setup.py install is deprecated -W ignore:easy_install command is deprecated setup.py egg_info --egg-base ../build/my_robot build --build-base /home/user/ros2_ws/build/my_robot/build install --record /home/user/ros2_ws/build/my_robot/install.log --single-version-externally-managed install_data
