[2.479s] Invoking command in '/home/user/ros2_ws/build/robot_control': PYTHONPATH=/home/user/ros2_ws/build/robot_control/prefix_override:/usr/lib/python3/dist-packages/colcon_core/task/python/colcon_distutils_commands:/home/user/ros2_ws/install/robot_control/lib/python3.10/site-packages:${PYTHONPATH} _=/usr/bin/env /usr/bin/python3 -W ignore:setup.py install is deprecated -W ignore:easy_install command is deprecated setup.py develop --editable --build-directory /home/user/ros2_ws/build/robot_control/build --no-deps symlink_data
[2.982s] /usr/local/lib/python3.10/dist-packages/setuptools/_distutils/dist.py:289: UserWarning: Unknown distribution option: 'tests_require'
[2.982s]   warnings.warn(msg)
[3.520s] running develop
[4.289s] running egg_info
[4.310s] writing robot_control.egg-info/PKG-INFO
[4.311s] writing dependency_links to robot_control.egg-info/dependency_links.txt
[4.311s] writing entry points to robot_control.egg-info/entry_points.txt
[4.311s] writing requirements to robot_control.egg-info/requires.txt
[4.312s] writing top-level names to robot_control.egg-info/top_level.txt
[4.399s] reading manifest file 'robot_control.egg-info/SOURCES.txt'
[4.401s] writing manifest file 'robot_control.egg-info/SOURCES.txt'
[4.435s] running build_ext
[4.435s] Creating /home/user/ros2_ws/install/robot_control/lib/python3.10/site-packages/robot-control.egg-link (link to .)
[4.436s] Installing fsm_node script to /home/user/ros2_ws/install/robot_control/lib/robot_control
[4.436s] Installing obstacle_node script to /home/user/ros2_ws/install/robot_control/lib/robot_control
[4.436s] Installing teleop_node script to /home/user/ros2_ws/install/robot_control/lib/robot_control
[4.437s] 
[4.437s] Installed /home/user/ros2_ws/build/robot_control
[4.437s] running symlink_data
[4.477s] Invoked command in '/home/user/ros2_ws/build/robot_control' returned '0': PYTHONPATH=/home/user/ros2_ws/build/robot_control/prefix_override:/usr/lib/python3/dist-packages/colcon_core/task/python/colcon_distutils_commands:/home/user/ros2_ws/install/robot_control/lib/python3.10/site-packages:${PYTHONPATH} _=/usr/bin/env /usr/bin/python3 -W ignore:setup.py install is deprecated -W ignore:easy_install command is deprecated setup.py develop --editable --build-directory /home/user/ros2_ws/build/robot_control/build --no-deps symlink_data
