[2.550s] Invoking command in '/home/user/ros2_ws/build/robot_control': PYTHONPATH=/home/user/ros2_ws/build/robot_control/prefix_override:/usr/lib/python3/dist-packages/colcon_core/task/python/colcon_distutils_commands:/home/user/ros2_ws/install/robot_control/lib/python3.10/site-packages:${PYTHONPATH} _=/usr/bin/env /usr/bin/python3 -W ignore:setup.py install is deprecated -W ignore:easy_install command is deprecated setup.py develop --editable --build-directory /home/user/ros2_ws/build/robot_control/build --no-deps symlink_data
[2.954s] /usr/local/lib/python3.10/dist-packages/setuptools/_distutils/dist.py:289: UserWarning: Unknown distribution option: 'tests_require'
[2.954s]   warnings.warn(msg)
[3.379s] running develop
[3.954s] running egg_info
[4.017s] creating robot_control.egg-info
[4.018s] writing robot_control.egg-info/PKG-INFO
[4.019s] writing dependency_links to robot_control.egg-info/dependency_links.txt
[4.019s] writing requirements to robot_control.egg-info/requires.txt
[4.020s] writing top-level names to robot_control.egg-info/top_level.txt
[4.020s] writing manifest file 'robot_control.egg-info/SOURCES.txt'
[4.073s] reading manifest file 'robot_control.egg-info/SOURCES.txt'
[4.075s] writing manifest file 'robot_control.egg-info/SOURCES.txt'
[4.143s] running build_ext
[4.145s] Creating /home/user/ros2_ws/install/robot_control/lib/python3.10/site-packages/robot-control.egg-link (link to .)
[4.146s] 
[4.146s] Installed /home/user/ros2_ws/build/robot_control
[4.147s] running symlink_data
[4.147s] creating /home/user/ros2_ws/install/robot_control/share/ament_index/resource_index/packages
[4.152s] symbolically linking /home/user/ros2_ws/build/robot_control/resource/robot_control -> /home/user/ros2_ws/install/robot_control/share/ament_index/resource_index/packages
[4.152s] symbolically linking /home/user/ros2_ws/build/robot_control/package.xml -> /home/user/ros2_ws/install/robot_control/share/robot_control
[4.227s] Invoked command in '/home/user/ros2_ws/build/robot_control' returned '0': PYTHONPATH=/home/user/ros2_ws/build/robot_control/prefix_override:/usr/lib/python3/dist-packages/colcon_core/task/python/colcon_distutils_commands:/home/user/ros2_ws/install/robot_control/lib/python3.10/site-packages:${PYTHONPATH} _=/usr/bin/env /usr/bin/python3 -W ignore:setup.py install is deprecated -W ignore:easy_install command is deprecated setup.py develop --editable --build-directory /home/user/ros2_ws/build/robot_control/build --no-deps symlink_data
